have_func: checking for rb_category_warn()... -------------------- no

"clang -o conftest -I/Users/nova/.asdf/installs/ruby/2.7.6/include/ruby-2.7.0/arm64-darwin21 -I/Users/nova/.asdf/installs/ruby/2.7.6/include/ruby-2.7.0/ruby/backward -I/Users/nova/.asdf/installs/ruby/2.7.6/include/ruby-2.7.0 -I. -I/Users/nova/.asdf/installs/ruby/2.7.6/include  -D_XOPEN_SOURCE -D_DARWIN_C_SOURCE -D_DARWIN_UNLIMITED_SELECT -D_REENTRANT   -g -O2 -fno-common -pipe conftest.c  -L. -L/Users/nova/.asdf/installs/ruby/2.7.6/lib -L. -L/Users/nova/.asdf/installs/ruby/2.7.6/lib  -fstack-protector-strong  -m64   -lruby.2.7   "
checked program was:
/* begin */
1: #include "ruby.h"
2: 
3: int main(int argc, char **argv)
4: {
5:   return !!argv[argc];
6: }
/* end */

"clang -o conftest -I/Users/nova/.asdf/installs/ruby/2.7.6/include/ruby-2.7.0/arm64-darwin21 -I/Users/nova/.asdf/installs/ruby/2.7.6/include/ruby-2.7.0/ruby/backward -I/Users/nova/.asdf/installs/ruby/2.7.6/include/ruby-2.7.0 -I. -I/Users/nova/.asdf/installs/ruby/2.7.6/include  -D_XOPEN_SOURCE -D_DARWIN_C_SOURCE -D_DARWIN_UNLIMITED_SELECT -D_REENTRANT   -g -O2 -fno-common -pipe conftest.c  -L. -L/Users/nova/.asdf/installs/ruby/2.7.6/lib -L. -L/Users/nova/.asdf/installs/ruby/2.7.6/lib  -fstack-protector-strong  -m64   -lruby.2.7   "
conftest.c:14:57: error: use of undeclared identifier 'rb_category_warn'
int t(void) { void ((*volatile p)()); p = (void ((*)()))rb_category_warn; return !p; }
                                                        ^
1 error generated.
checked program was:
/* begin */
 1: #include "ruby.h"
 2: 
 3: /*top*/
 4: extern int t(void);
 5: int main(int argc, char **argv)
 6: {
 7:   if (argc > 1000000) {
 8:     int (* volatile tp)(void)=(int (*)(void))&t;
 9:     printf("%d", (*tp)());
10:   }
11: 
12:   return !!argv[argc];
13: }
14: int t(void) { void ((*volatile p)()); p = (void ((*)()))rb_category_warn; return !p; }
/* end */

"clang -o conftest -I/Users/nova/.asdf/installs/ruby/2.7.6/include/ruby-2.7.0/arm64-darwin21 -I/Users/nova/.asdf/installs/ruby/2.7.6/include/ruby-2.7.0/ruby/backward -I/Users/nova/.asdf/installs/ruby/2.7.6/include/ruby-2.7.0 -I. -I/Users/nova/.asdf/installs/ruby/2.7.6/include  -D_XOPEN_SOURCE -D_DARWIN_C_SOURCE -D_DARWIN_UNLIMITED_SELECT -D_REENTRANT   -g -O2 -fno-common -pipe conftest.c  -L. -L/Users/nova/.asdf/installs/ruby/2.7.6/lib -L. -L/Users/nova/.asdf/installs/ruby/2.7.6/lib  -fstack-protector-strong  -m64   -lruby.2.7   "
Undefined symbols for architecture arm64:
  "_rb_category_warn", referenced from:
      _t in conftest-a996d3.o
ld: symbol(s) not found for architecture arm64
clang: error: linker command failed with exit code 1 (use -v to see invocation)
checked program was:
/* begin */
 1: #include "ruby.h"
 2: 
 3: /*top*/
 4: extern int t(void);
 5: int main(int argc, char **argv)
 6: {
 7:   if (argc > 1000000) {
 8:     int (* volatile tp)(void)=(int (*)(void))&t;
 9:     printf("%d", (*tp)());
10:   }
11: 
12:   return !!argv[argc];
13: }
14: extern void rb_category_warn();
15: int t(void) { rb_category_warn(); return 0; }
/* end */

--------------------

have_var: checking for timezone in time.h with  -Werror... -------------------- yes

"clang -I/Users/nova/.asdf/installs/ruby/2.7.6/include/ruby-2.7.0/arm64-darwin21 -I/Users/nova/.asdf/installs/ruby/2.7.6/include/ruby-2.7.0/ruby/backward -I/Users/nova/.asdf/installs/ruby/2.7.6/include/ruby-2.7.0 -I. -I/Users/nova/.asdf/installs/ruby/2.7.6/include  -D_XOPEN_SOURCE -D_DARWIN_C_SOURCE -D_DARWIN_UNLIMITED_SELECT -D_REENTRANT   -g -O2 -fno-common -pipe -m64  -Werror -c conftest.c"
checked program was:
/* begin */
 1: #include "ruby.h"
 2: 
 3: #include <time.h>
 4: 
 5: /*top*/
 6: extern int t(void);
 7: int main(int argc, char **argv)
 8: {
 9:   if (argc > 1000000) {
10:     int (* volatile tp)(void)=(int (*)(void))&t;
11:     printf("%d", (*tp)());
12:   }
13: 
14:   return !!argv[argc];
15: }
16: int t(void) { const volatile void *volatile p; p = &(&timezone)[0]; return !p; }
/* end */

--------------------

have_var: checking for altzone in time.h with  -Werror... -------------------- no

"clang -I/Users/nova/.asdf/installs/ruby/2.7.6/include/ruby-2.7.0/arm64-darwin21 -I/Users/nova/.asdf/installs/ruby/2.7.6/include/ruby-2.7.0/ruby/backward -I/Users/nova/.asdf/installs/ruby/2.7.6/include/ruby-2.7.0 -I. -I/Users/nova/.asdf/installs/ruby/2.7.6/include  -D_XOPEN_SOURCE -D_DARWIN_C_SOURCE -D_DARWIN_UNLIMITED_SELECT -D_REENTRANT   -g -O2 -fno-common -pipe -m64  -Werror -c conftest.c"
conftest.c:16:55: error: use of undeclared identifier 'altzone'
int t(void) { const volatile void *volatile p; p = &(&altzone)[0]; return !p; }
                                                      ^
1 error generated.
checked program was:
/* begin */
 1: #include "ruby.h"
 2: 
 3: #include <time.h>
 4: 
 5: /*top*/
 6: extern int t(void);
 7: int main(int argc, char **argv)
 8: {
 9:   if (argc > 1000000) {
10:     int (* volatile tp)(void)=(int (*)(void))&t;
11:     printf("%d", (*tp)());
12:   }
13: 
14:   return !!argv[argc];
15: }
16: int t(void) { const volatile void *volatile p; p = &(&altzone)[0]; return !p; }
/* end */

--------------------

